\BOOKMARK [1][]{section.1}{Introduction}{}% 1
\BOOKMARK [1][]{section.2}{Simulations}{}% 2
\BOOKMARK [1][]{section.3}{Mathematical derivation}{}% 3
\BOOKMARK [2][]{subsection.3.1}{Exaggeration ratio and its properties}{section.3}% 4
\BOOKMARK [2][]{subsection.3.2}{Setting and data generating process}{section.3}% 5
\BOOKMARK [2][]{subsection.3.3}{Asymptotic distributions and exaggeration of the estimators}{section.3}% 6
\BOOKMARK [3][]{subsubsection.3.3.1}{Controlled regression}{subsection.3.3}% 7
\BOOKMARK [3][]{subsubsection.3.3.2}{Naive regression \(OVB\)}{subsection.3.3}% 8
\BOOKMARK [3][]{subsubsection.3.3.3}{Instrumental Variable}{subsection.3.3}% 9
\BOOKMARK [3][]{subsubsection.3.3.4}{Reduced form}{subsection.3.3}% 10
\BOOKMARK [1][]{section.4}{Practical Recommendations}{}% 11
\BOOKMARK [2][]{subsection.4.1}{Gauging omitted variable bias}{section.4}% 12
\BOOKMARK [2][]{subsection.4.2}{Evaluating risks of exaggeration}{section.4}% 13
\BOOKMARK [3][]{subsubsection.4.2.1}{Prospective power calculations}{subsection.4.2}% 14
\BOOKMARK [3][]{subsubsection.4.2.2}{Retrospective power calculations}{subsection.4.2}% 15
\BOOKMARK [2][]{subsection.4.3}{Driver of the trade-off}{section.4}% 16
\BOOKMARK [3][]{subsubsection.4.3.1}{Navigating the bias/variance trade-off}{subsection.4.3}% 17
\BOOKMARK [3][]{subsubsection.4.3.2}{Visualizing the driver of the trade-off}{subsection.4.3}% 18
\BOOKMARK [2][]{subsection.4.4}{Attitude Towards Statistical Significance and Replication}{section.4}% 19
\BOOKMARK [1][]{section.5}{Conclusion}{}% 20
\BOOKMARK [1][]{appendix.A}{Mathematical proofs}{}% 21
\BOOKMARK [2][]{subsection.A.1}{Variation of the exaggeration ratio}{appendix.A}% 22
\BOOKMARK [2][]{subsection.A.2}{Asymptotic distribution of ctrl}{appendix.A}% 23
